android/cranpose-android/build/intermediates/manifest_merge_blame_file/release/processReleaseManifest/manifest-merger-blame-release-report.txt
1<?xml version="1.0" encoding="utf-8"?>
2<!--
3    What every Cranpose application needs, contributed by the library so no
4    application repeats it.
5
6    The activity is declared here in full, including the launcher intent filter:
7    an application supplies its label, icon and theme through the manifest
8    placeholders the Cranpose Gradle plugin sets, and declares no activity of
9    its own. `android.app.lib_name` names the cdylib `NativeActivity` loads and
10    must match the Cargo package's library name, which the plugin also supplies.
11-->
12<manifest xmlns:android="http://schemas.android.com/apk/res/android"
13    package="dev.cranpose.android" >
14
15    <uses-sdk android:minSdkVersion="24" />
15-->INJECTED
15-->INJECTED
16
17    <uses-permission android:name="android.permission.INTERNET" />
17-->src/main/AndroidManifest.xml:14:5-67
17-->src/main/AndroidManifest.xml:14:22-64
18
19    <application>
19-->src/main/AndroidManifest.xml:16:5-44:19
20        <activity
20-->INJECTED
21            android:name="dev.cranpose.android.CranposeActivity"
21-->src/main/AndroidManifest.xml:18:13-65
22            android:configChanges="orientation|keyboardHidden|screenSize|smallestScreenSize|screenLayout|uiMode|layoutDirection|fontScale|density"
22-->src/main/AndroidManifest.xml:22:13-147
23            android:exported="true"
23-->src/main/AndroidManifest.xml:19:13-36
24            android:label="Cranpose"
24-->INJECTED
25            android:theme="@android:style/Theme.NoTitleBar.Fullscreen" >
25-->INJECTED
26            <meta-data
26-->INJECTED
27                android:name="android.app.lib_name"
27-->src/main/AndroidManifest.xml:24:17-52
28                android:value="cranpose_app" />
28-->INJECTED
29
30            <intent-filter>
30-->src/main/AndroidManifest.xml:26:13-29:29
31                <action android:name="android.intent.action.MAIN" />
31-->src/main/AndroidManifest.xml:27:17-69
31-->src/main/AndroidManifest.xml:27:25-66
32
33                <category android:name="android.intent.category.LAUNCHER" />
33-->src/main/AndroidManifest.xml:28:17-77
33-->src/main/AndroidManifest.xml:28:27-74
34            </intent-filter>
35        </activity>
36
37        <!--
38            Sharing a file out. `cranpose_services::share` stages the payload in
39            the cache directory and hands the receiving application a content
40            URI, which is only readable through a provider; the authority is
41            derived from the application id so two Cranpose applications
42            installed side by side do not collide.
43        -->
44        <provider
44-->src/main/AndroidManifest.xml:39:9-43:50
45            android:name="dev.cranpose.android.CranposeShareProvider"
45-->src/main/AndroidManifest.xml:40:13-70
46            android:authorities="${applicationId}.cranpose.share"
46-->src/main/AndroidManifest.xml:41:13-66
47            android:exported="false"
47-->src/main/AndroidManifest.xml:42:13-37
48            android:grantUriPermissions="true" />
48-->src/main/AndroidManifest.xml:43:13-47
49    </application>
50
51</manifest>